<?xml version="1.0" encoding="UTF-8"?>
<robot generator="Robot 6.0.1 (Python 3.11.0 on win32)" generated="20221129 12:23:04.162" rpa="false" schemaversion="3">
<suite id="s1" name="test18 LabelPage" source="C:\Users\KnoDTec\PycharmProjects\PPT_Robot_Framework\PPT_Testcases\test18_LabelPage.robot">
<test id="s1-t1" name="ProjectLabelPath" line="20">
<kw name="Open Browser And Maximize" library="Resource_setupnteardown" type="SETUP">
<kw name="Open Browser" library="SeleniumLibrary">
<arg>${URL}</arg>
<arg>${Browser}</arg>
<doc>Opens a new browser instance to the optional ``url``.</doc>
<msg timestamp="20221129 12:23:04.601" level="INFO">Opening browser 'chrome' to base url 'http://localhost:5003/'.</msg>
<status status="PASS" starttime="20221129 12:23:04.601" endtime="20221129 12:23:06.144"/>
</kw>
<kw name="Maximize Browser Window" library="SeleniumLibrary">
<doc>Maximizes current browser window.</doc>
<status status="PASS" starttime="20221129 12:23:06.144" endtime="20221129 12:23:06.308"/>
</kw>
<kw name="Input Text" library="SeleniumLibrary">
<arg>id:UserName</arg>
<arg>OCUA4</arg>
<doc>Types the given ``text`` into the text field identified by ``locator``.</doc>
<msg timestamp="20221129 12:23:06.313" level="INFO">Typing text 'OCUA4' into text field 'id:UserName'.</msg>
<status status="PASS" starttime="20221129 12:23:06.309" endtime="20221129 12:23:06.504"/>
</kw>
<kw name="Input Text" library="SeleniumLibrary">
<arg>id:Password</arg>
<arg>1234</arg>
<doc>Types the given ``text`` into the text field identified by ``locator``.</doc>
<msg timestamp="20221129 12:23:06.505" level="INFO">Typing text '1234' into text field 'id:Password'.</msg>
<status status="PASS" starttime="20221129 12:23:06.504" endtime="20221129 12:23:06.660"/>
</kw>
<kw name="Click Element" library="SeleniumLibrary">
<arg>${signinbutton_Xpath}</arg>
<doc>Click the element identified by ``locator``.</doc>
<msg timestamp="20221129 12:23:06.660" level="INFO">Clicking element 'xpath://*[@id="layoutAuthentication_content"]/main/div/div[1]/div/div/form/div[4]/button'.</msg>
<status status="PASS" starttime="20221129 12:23:06.660" endtime="20221129 12:23:06.970"/>
</kw>
<kw name="Sleep" library="BuiltIn">
<arg>2s</arg>
<doc>Pauses the test executed for the given time.</doc>
<msg timestamp="20221129 12:23:08.971" level="INFO">Slept 2 seconds</msg>
<status status="PASS" starttime="20221129 12:23:06.970" endtime="20221129 12:23:08.971"/>
</kw>
<status status="PASS" starttime="20221129 12:23:04.601" endtime="20221129 12:23:08.971"/>
</kw>
<kw name="LabelPage">
<kw name="Click Element" library="SeleniumLibrary">
<arg>${ProjectMenu_Xpath}</arg>
<doc>Click the element identified by ``locator``.</doc>
<msg timestamp="20221129 12:23:08.971" level="INFO">Clicking element 'xpath://*[@id="three"]'.</msg>
<status status="PASS" starttime="20221129 12:23:08.971" endtime="20221129 12:23:09.445"/>
</kw>
<kw name="Click Element" library="SeleniumLibrary">
<arg>${LabelTab_Xpath}</arg>
<doc>Click the element identified by ``locator``.</doc>
<msg timestamp="20221129 12:23:09.447" level="INFO">Clicking element 'xpath://*[@id="pills-label-tab"]'.</msg>
<status status="PASS" starttime="20221129 12:23:09.446" endtime="20221129 12:23:09.763"/>
</kw>
<status status="PASS" starttime="20221129 12:23:08.971" endtime="20221129 12:23:09.763"/>
</kw>
<kw name="Set Selenium Implicit Wait" library="SeleniumLibrary">
<arg>${timer}</arg>
<doc>Sets the implicit wait value used by Selenium.</doc>
<status status="PASS" starttime="20221129 12:23:09.763" endtime="20221129 12:23:09.767"/>
</kw>
<kw name="Get WebElements" library="SeleniumLibrary">
<var>${get_text}</var>
<arg>${ProjectLabelPathHeader_Xpath}</arg>
<doc>Returns a list of WebElement objects matching the ``locator``.</doc>
<msg timestamp="20221129 12:23:09.834" level="INFO">${get_text} = [&lt;selenium.webdriver.remote.webelement.WebElement (session="5f6cb6091eb1dc972ceec8f4678eed50", element="e6571314-758d-4eca-9820-6f7d03f161eb")&gt;, &lt;selenium.webdriver.remote.webelement.WebElement (sessi...</msg>
<status status="PASS" starttime="20221129 12:23:09.768" endtime="20221129 12:23:09.834"/>
</kw>
<for flavor="IN">
<var>${item}</var>
<value>@{get_text}</value>
<iter>
<var name="${item}">&lt;selenium.webdriver.remote.webelement.WebElement (session="5f6cb6091eb1dc972ceec8f4678eed50", element="e6571314-758d-4eca-9820-6f7d03f161eb")&gt;</var>
<kw name="Log To Console" library="BuiltIn">
<arg>${item.text}</arg>
<doc>Logs the given message to the console.</doc>
<status status="PASS" starttime="20221129 12:23:09.840" endtime="20221129 12:23:09.872"/>
</kw>
<status status="PASS" starttime="20221129 12:23:09.834" endtime="20221129 12:23:09.872"/>
</iter>
<iter>
<var name="${item}">&lt;selenium.webdriver.remote.webelement.WebElement (session="5f6cb6091eb1dc972ceec8f4678eed50", element="fa49c302-9ee4-4c4e-a0ac-76f140d91dbf")&gt;</var>
<kw name="Log To Console" library="BuiltIn">
<arg>${item.text}</arg>
<doc>Logs the given message to the console.</doc>
<status status="PASS" starttime="20221129 12:23:09.872" endtime="20221129 12:23:09.899"/>
</kw>
<status status="PASS" starttime="20221129 12:23:09.872" endtime="20221129 12:23:09.899"/>
</iter>
<iter>
<var name="${item}">&lt;selenium.webdriver.remote.webelement.WebElement (session="5f6cb6091eb1dc972ceec8f4678eed50", element="76e5c303-6ede-445f-9de9-bbc6ff804b52")&gt;</var>
<kw name="Log To Console" library="BuiltIn">
<arg>${item.text}</arg>
<doc>Logs the given message to the console.</doc>
<status status="PASS" starttime="20221129 12:23:09.899" endtime="20221129 12:23:09.947"/>
</kw>
<status status="PASS" starttime="20221129 12:23:09.899" endtime="20221129 12:23:09.947"/>
</iter>
<iter>
<var name="${item}">&lt;selenium.webdriver.remote.webelement.WebElement (session="5f6cb6091eb1dc972ceec8f4678eed50", element="001f0d73-0a9e-4ab9-9efc-1b296a8622f3")&gt;</var>
<kw name="Log To Console" library="BuiltIn">
<arg>${item.text}</arg>
<doc>Logs the given message to the console.</doc>
<status status="PASS" starttime="20221129 12:23:09.947" endtime="20221129 12:23:09.963"/>
</kw>
<status status="PASS" starttime="20221129 12:23:09.947" endtime="20221129 12:23:09.963"/>
</iter>
<iter>
<var name="${item}">&lt;selenium.webdriver.remote.webelement.WebElement (session="5f6cb6091eb1dc972ceec8f4678eed50", element="abc4a5f9-af02-4e51-b390-9ee50d3c51c8")&gt;</var>
<kw name="Log To Console" library="BuiltIn">
<arg>${item.text}</arg>
<doc>Logs the given message to the console.</doc>
<status status="PASS" starttime="20221129 12:23:09.963" endtime="20221129 12:23:09.984"/>
</kw>
<status status="PASS" starttime="20221129 12:23:09.963" endtime="20221129 12:23:09.984"/>
</iter>
<iter>
<var name="${item}">&lt;selenium.webdriver.remote.webelement.WebElement (session="5f6cb6091eb1dc972ceec8f4678eed50", element="e77feb53-2946-4576-ba6d-eee56ba4d984")&gt;</var>
<kw name="Log To Console" library="BuiltIn">
<arg>${item.text}</arg>
<doc>Logs the given message to the console.</doc>
<status status="PASS" starttime="20221129 12:23:09.984" endtime="20221129 12:23:09.994"/>
</kw>
<status status="PASS" starttime="20221129 12:23:09.984" endtime="20221129 12:23:09.994"/>
</iter>
<iter>
<var name="${item}">&lt;selenium.webdriver.remote.webelement.WebElement (session="5f6cb6091eb1dc972ceec8f4678eed50", element="9dbc39cc-a2c5-4550-a3b2-a65f0b48830d")&gt;</var>
<kw name="Log To Console" library="BuiltIn">
<arg>${item.text}</arg>
<doc>Logs the given message to the console.</doc>
<status status="PASS" starttime="20221129 12:23:09.994" endtime="20221129 12:23:10.010"/>
</kw>
<status status="PASS" starttime="20221129 12:23:09.994" endtime="20221129 12:23:10.010"/>
</iter>
<iter>
<var name="${item}">&lt;selenium.webdriver.remote.webelement.WebElement (session="5f6cb6091eb1dc972ceec8f4678eed50", element="078fb86e-70d2-4651-880a-4680d677634b")&gt;</var>
<kw name="Log To Console" library="BuiltIn">
<arg>${item.text}</arg>
<doc>Logs the given message to the console.</doc>
<status status="PASS" starttime="20221129 12:23:10.010" endtime="20221129 12:23:10.018"/>
</kw>
<status status="PASS" starttime="20221129 12:23:10.010" endtime="20221129 12:23:10.018"/>
</iter>
<iter>
<var name="${item}">&lt;selenium.webdriver.remote.webelement.WebElement (session="5f6cb6091eb1dc972ceec8f4678eed50", element="13baa0f1-c091-40c2-8b0f-99ea4592e4cf")&gt;</var>
<kw name="Log To Console" library="BuiltIn">
<arg>${item.text}</arg>
<doc>Logs the given message to the console.</doc>
<status status="PASS" starttime="20221129 12:23:10.018" endtime="20221129 12:23:10.034"/>
</kw>
<status status="PASS" starttime="20221129 12:23:10.018" endtime="20221129 12:23:10.034"/>
</iter>
<iter>
<var name="${item}">&lt;selenium.webdriver.remote.webelement.WebElement (session="5f6cb6091eb1dc972ceec8f4678eed50", element="083cb0c4-1a5f-41be-a670-a2adf961b9ff")&gt;</var>
<kw name="Log To Console" library="BuiltIn">
<arg>${item.text}</arg>
<doc>Logs the given message to the console.</doc>
<status status="PASS" starttime="20221129 12:23:10.034" endtime="20221129 12:23:10.042"/>
</kw>
<status status="PASS" starttime="20221129 12:23:10.034" endtime="20221129 12:23:10.042"/>
</iter>
<iter>
<var name="${item}">&lt;selenium.webdriver.remote.webelement.WebElement (session="5f6cb6091eb1dc972ceec8f4678eed50", element="73c757da-6800-464d-8080-b8064804b3f6")&gt;</var>
<kw name="Log To Console" library="BuiltIn">
<arg>${item.text}</arg>
<doc>Logs the given message to the console.</doc>
<status status="PASS" starttime="20221129 12:23:10.042" endtime="20221129 12:23:10.058"/>
</kw>
<status status="PASS" starttime="20221129 12:23:10.042" endtime="20221129 12:23:10.058"/>
</iter>
<iter>
<var name="${item}">&lt;selenium.webdriver.remote.webelement.WebElement (session="5f6cb6091eb1dc972ceec8f4678eed50", element="f68a61b0-56bb-4941-b4c6-209fa042c185")&gt;</var>
<kw name="Log To Console" library="BuiltIn">
<arg>${item.text}</arg>
<doc>Logs the given message to the console.</doc>
<status status="PASS" starttime="20221129 12:23:10.058" endtime="20221129 12:23:10.066"/>
</kw>
<status status="PASS" starttime="20221129 12:23:10.058" endtime="20221129 12:23:10.066"/>
</iter>
<status status="PASS" starttime="20221129 12:23:09.834" endtime="20221129 12:23:10.066"/>
</for>
<kw name="Close Browser Window" library="Resource_setupnteardown" type="TEARDOWN">
<kw name="Close Browser" library="SeleniumLibrary">
<doc>Closes the current browser.</doc>
<status status="PASS" starttime="20221129 12:23:10.074" endtime="20221129 12:23:12.255"/>
</kw>
<kw name="Log To Console" library="BuiltIn">
<arg>Test Completed</arg>
<doc>Logs the given message to the console.</doc>
<status status="PASS" starttime="20221129 12:23:12.255" endtime="20221129 12:23:12.257"/>
</kw>
<status status="PASS" starttime="20221129 12:23:10.066" endtime="20221129 12:23:12.257"/>
</kw>
<status status="PASS" starttime="20221129 12:23:04.601" endtime="20221129 12:23:12.257"/>
</test>
<test id="s1-t2" name="CreateNewLabel" line="34">
<kw name="Open Browser And Maximize" library="Resource_setupnteardown" type="SETUP">
<kw name="Open Browser" library="SeleniumLibrary">
<arg>${URL}</arg>
<arg>${Browser}</arg>
<doc>Opens a new browser instance to the optional ``url``.</doc>
<msg timestamp="20221129 12:23:12.257" level="INFO">Opening browser 'chrome' to base url 'http://localhost:5003/'.</msg>
<status status="PASS" starttime="20221129 12:23:12.257" endtime="20221129 12:23:13.761"/>
</kw>
<kw name="Maximize Browser Window" library="SeleniumLibrary">
<doc>Maximizes current browser window.</doc>
<status status="PASS" starttime="20221129 12:23:13.761" endtime="20221129 12:23:13.890"/>
</kw>
<kw name="Input Text" library="SeleniumLibrary">
<arg>id:UserName</arg>
<arg>OCUA4</arg>
<doc>Types the given ``text`` into the text field identified by ``locator``.</doc>
<msg timestamp="20221129 12:23:13.890" level="INFO">Typing text 'OCUA4' into text field 'id:UserName'.</msg>
<status status="PASS" starttime="20221129 12:23:13.890" endtime="20221129 12:23:13.995"/>
</kw>
<kw name="Input Text" library="SeleniumLibrary">
<arg>id:Password</arg>
<arg>1234</arg>
<doc>Types the given ``text`` into the text field identified by ``locator``.</doc>
<msg timestamp="20221129 12:23:13.995" level="INFO">Typing text '1234' into text field 'id:Password'.</msg>
<status status="PASS" starttime="20221129 12:23:13.995" endtime="20221129 12:23:14.095"/>
</kw>
<kw name="Click Element" library="SeleniumLibrary">
<arg>${signinbutton_Xpath}</arg>
<doc>Click the element identified by ``locator``.</doc>
<msg timestamp="20221129 12:23:14.095" level="INFO">Clicking element 'xpath://*[@id="layoutAuthentication_content"]/main/div/div[1]/div/div/form/div[4]/button'.</msg>
<status status="PASS" starttime="20221129 12:23:14.095" endtime="20221129 12:23:14.425"/>
</kw>
<kw name="Sleep" library="BuiltIn">
<arg>2s</arg>
<doc>Pauses the test executed for the given time.</doc>
<msg timestamp="20221129 12:23:16.427" level="INFO">Slept 2 seconds</msg>
<status status="PASS" starttime="20221129 12:23:14.426" endtime="20221129 12:23:16.427"/>
</kw>
<status status="PASS" starttime="20221129 12:23:12.257" endtime="20221129 12:23:16.427"/>
</kw>
<kw name="LabelPage">
<kw name="Click Element" library="SeleniumLibrary">
<arg>${ProjectMenu_Xpath}</arg>
<doc>Click the element identified by ``locator``.</doc>
<msg timestamp="20221129 12:23:16.428" level="INFO">Clicking element 'xpath://*[@id="three"]'.</msg>
<status status="PASS" starttime="20221129 12:23:16.428" endtime="20221129 12:23:17.039"/>
</kw>
<kw name="Click Element" library="SeleniumLibrary">
<arg>${LabelTab_Xpath}</arg>
<doc>Click the element identified by ``locator``.</doc>
<msg timestamp="20221129 12:23:17.039" level="INFO">Clicking element 'xpath://*[@id="pills-label-tab"]'.</msg>
<status status="PASS" starttime="20221129 12:23:17.039" endtime="20221129 12:23:17.123"/>
</kw>
<status status="PASS" starttime="20221129 12:23:16.427" endtime="20221129 12:23:17.123"/>
</kw>
<kw name="Set Selenium Implicit Wait" library="SeleniumLibrary">
<arg>${timer}</arg>
<doc>Sets the implicit wait value used by Selenium.</doc>
<status status="PASS" starttime="20221129 12:23:17.124" endtime="20221129 12:23:17.125"/>
</kw>
<kw name="Click Element" library="SeleniumLibrary">
<arg>${NewLabel_Btn_Xpath}</arg>
<doc>Click the element identified by ``locator``.</doc>
<msg timestamp="20221129 12:23:17.125" level="INFO">Clicking element 'xpath://*[@id="bntGoToCreateLabel"]'.</msg>
<status status="PASS" starttime="20221129 12:23:17.125" endtime="20221129 12:23:17.625"/>
</kw>
<kw name="Input Text" library="SeleniumLibrary">
<arg>id:labelName</arg>
<arg>TestLabel1</arg>
<doc>Types the given ``text`` into the text field identified by ``locator``.</doc>
<msg timestamp="20221129 12:23:17.631" level="INFO">Typing text 'TestLabel1' into text field 'id:labelName'.</msg>
<status status="PASS" starttime="20221129 12:23:17.630" endtime="20221129 12:23:17.768"/>
</kw>
<kw name="Input Text" library="SeleniumLibrary">
<arg>id:reportDescription</arg>
<arg>This is a label under test</arg>
<doc>Types the given ``text`` into the text field identified by ``locator``.</doc>
<msg timestamp="20221129 12:23:17.769" level="INFO">Typing text 'This is a label under test' into text field 'id:reportDescription'.</msg>
<status status="PASS" starttime="20221129 12:23:17.769" endtime="20221129 12:23:17.895"/>
</kw>
<kw name="Click Element" library="SeleniumLibrary">
<arg>${NewLabelSaveBtn_Xpath}</arg>
<doc>Click the element identified by ``locator``.</doc>
<msg timestamp="20221129 12:23:17.898" level="INFO">Clicking element 'xpath://*[@id="btn-labelSave"]'.</msg>
<status status="PASS" starttime="20221129 12:23:17.895" endtime="20221129 12:23:17.997"/>
</kw>
<kw name="Wait Until Page Contains" library="SeleniumLibrary">
<arg>Updated Successfully.</arg>
<doc>Waits until ``text`` appears on the current page.</doc>
<status status="PASS" starttime="20221129 12:23:17.997" endtime="20221129 12:23:18.326"/>
</kw>
<kw name="Close Browser Window" library="Resource_setupnteardown" type="TEARDOWN">
<kw name="Close Browser" library="SeleniumLibrary">
<doc>Closes the current browser.</doc>
<status status="PASS" starttime="20221129 12:23:18.326" endtime="20221129 12:23:20.627"/>
</kw>
<kw name="Log To Console" library="BuiltIn">
<arg>Test Completed</arg>
<doc>Logs the given message to the console.</doc>
<status status="PASS" starttime="20221129 12:23:20.627" endtime="20221129 12:23:20.627"/>
</kw>
<status status="PASS" starttime="20221129 12:23:18.326" endtime="20221129 12:23:20.627"/>
</kw>
<status status="PASS" starttime="20221129 12:23:12.257" endtime="20221129 12:23:20.627"/>
</test>
<test id="s1-t3" name="EditLabel" line="50">
<kw name="Open Browser And Maximize" library="Resource_setupnteardown" type="SETUP">
<kw name="Open Browser" library="SeleniumLibrary">
<arg>${URL}</arg>
<arg>${Browser}</arg>
<doc>Opens a new browser instance to the optional ``url``.</doc>
<msg timestamp="20221129 12:23:20.627" level="INFO">Opening browser 'chrome' to base url 'http://localhost:5003/'.</msg>
<status status="PASS" starttime="20221129 12:23:20.627" endtime="20221129 12:23:21.976"/>
</kw>
<kw name="Maximize Browser Window" library="SeleniumLibrary">
<doc>Maximizes current browser window.</doc>
<status status="PASS" starttime="20221129 12:23:21.976" endtime="20221129 12:23:22.092"/>
</kw>
<kw name="Input Text" library="SeleniumLibrary">
<arg>id:UserName</arg>
<arg>OCUA4</arg>
<doc>Types the given ``text`` into the text field identified by ``locator``.</doc>
<msg timestamp="20221129 12:23:22.092" level="INFO">Typing text 'OCUA4' into text field 'id:UserName'.</msg>
<status status="PASS" starttime="20221129 12:23:22.092" endtime="20221129 12:23:22.242"/>
</kw>
<kw name="Input Text" library="SeleniumLibrary">
<arg>id:Password</arg>
<arg>1234</arg>
<doc>Types the given ``text`` into the text field identified by ``locator``.</doc>
<msg timestamp="20221129 12:23:22.242" level="INFO">Typing text '1234' into text field 'id:Password'.</msg>
<status status="PASS" starttime="20221129 12:23:22.242" endtime="20221129 12:23:22.351"/>
</kw>
<kw name="Click Element" library="SeleniumLibrary">
<arg>${signinbutton_Xpath}</arg>
<doc>Click the element identified by ``locator``.</doc>
<msg timestamp="20221129 12:23:22.351" level="INFO">Clicking element 'xpath://*[@id="layoutAuthentication_content"]/main/div/div[1]/div/div/form/div[4]/button'.</msg>
<status status="PASS" starttime="20221129 12:23:22.351" endtime="20221129 12:23:22.679"/>
</kw>
<kw name="Sleep" library="BuiltIn">
<arg>2s</arg>
<doc>Pauses the test executed for the given time.</doc>
<msg timestamp="20221129 12:23:24.680" level="INFO">Slept 2 seconds</msg>
<status status="PASS" starttime="20221129 12:23:22.679" endtime="20221129 12:23:24.680"/>
</kw>
<status status="PASS" starttime="20221129 12:23:20.627" endtime="20221129 12:23:24.680"/>
</kw>
<kw name="LabelPage">
<kw name="Click Element" library="SeleniumLibrary">
<arg>${ProjectMenu_Xpath}</arg>
<doc>Click the element identified by ``locator``.</doc>
<msg timestamp="20221129 12:23:24.680" level="INFO">Clicking element 'xpath://*[@id="three"]'.</msg>
<msg timestamp="20221129 12:23:24.680" level="WARN">Keyword 'Capture Page Screenshot' could not be run on failure: Message: no such window: target window already closed
from unknown error: web view not found
  (Session info: chrome=107.0.5304.121)
Stacktrace:
Backtrace:
	Ordinal0 [0x00D9ACD3+2075859]
	Ordinal0 [0x00D2EE61+1633889]
	Ordinal0 [0x00C2B7BD+571325]
	Ordinal0 [0x00C12E1A+470554]
	Ordinal0 [0x00C7AA0B+895499]
	Ordinal0 [0x00C8AC96+961686]
	Ordinal0 [0x00C77136+880950]
	Ordinal0 [0x00C4FEFD+720637]
	Ordinal0 [0x00C50F3F+724799]
	GetHandleVerifier [0x0104EED2+2769538]
	GetHandleVerifier [0x01040D95+2711877]
	GetHandleVerifier [0x00E2A03A+521194]
	GetHandleVerifier [0x00E28DA0+516432]
	Ordinal0 [0x00D3682C+1665068]
	Ordinal0 [0x00D3B128+1683752]
	Ordinal0 [0x00D3B215+1683989]
	Ordinal0 [0x00D46484+1729668]
	BaseThreadInitThunk [0x76686939+25]
	RtlGetFullPathName_UEx [0x773B8FD2+1218]
	RtlGetFullPathName_UEx [0x773B8F9D+1165]
</msg>
<msg timestamp="20221129 12:23:24.680" level="FAIL">NoSuchWindowException: Message: no such window: target window already closed
from unknown error: web view not found
  (Session info: chrome=107.0.5304.121)
Stacktrace:
Backtrace:
	Ordinal0 [0x00D9ACD3+2075859]
	Ordinal0 [0x00D2EE61+1633889]
	Ordinal0 [0x00C2B7BD+571325]
	Ordinal0 [0x00C12E1A+470554]
	Ordinal0 [0x00C7AA0B+895499]
	Ordinal0 [0x00C8AC96+961686]
	Ordinal0 [0x00C77136+880950]
	Ordinal0 [0x00C4FEFD+720637]
	Ordinal0 [0x00C50F3F+724799]
	GetHandleVerifier [0x0104EED2+2769538]
	GetHandleVerifier [0x01040D95+2711877]
	GetHandleVerifier [0x00E2A03A+521194]
	GetHandleVerifier [0x00E28DA0+516432]
	Ordinal0 [0x00D3682C+1665068]
	Ordinal0 [0x00D3B128+1683752]
	Ordinal0 [0x00D3B215+1683989]
	Ordinal0 [0x00D46484+1729668]
	BaseThreadInitThunk [0x76686939+25]
	RtlGetFullPathName_UEx [0x773B8FD2+1218]
	RtlGetFullPathName_UEx [0x773B8F9D+1165]
</msg>
<status status="FAIL" starttime="20221129 12:23:24.680" endtime="20221129 12:23:24.702"/>
</kw>
<kw name="Click Element" library="SeleniumLibrary">
<arg>${LabelTab_Xpath}</arg>
<doc>Click the element identified by ``locator``.</doc>
<status status="NOT RUN" starttime="20221129 12:23:24.702" endtime="20221129 12:23:24.702"/>
</kw>
<status status="FAIL" starttime="20221129 12:23:24.680" endtime="20221129 12:23:24.702"/>
</kw>
<kw name="Set Selenium Implicit Wait" library="SeleniumLibrary">
<arg>${timer}</arg>
<doc>Sets the implicit wait value used by Selenium.</doc>
<status status="NOT RUN" starttime="20221129 12:23:24.702" endtime="20221129 12:23:24.702"/>
</kw>
<kw name="Click Element" library="SeleniumLibrary">
<arg>${SelectLabelcheckbox_Xpath}</arg>
<doc>Click the element identified by ``locator``.</doc>
<status status="NOT RUN" starttime="20221129 12:23:24.702" endtime="20221129 12:23:24.702"/>
</kw>
<kw name="Click Element" library="SeleniumLibrary">
<arg>${LabelEdit_Btn_Xpath}</arg>
<doc>Click the element identified by ``locator``.</doc>
<status status="NOT RUN" starttime="20221129 12:23:24.702" endtime="20221129 12:23:24.702"/>
</kw>
<kw name="Input Text" library="SeleniumLibrary">
<arg>id:labelName</arg>
<arg>Label1</arg>
<doc>Types the given ``text`` into the text field identified by ``locator``.</doc>
<status status="NOT RUN" starttime="20221129 12:23:24.702" endtime="20221129 12:23:24.702"/>
</kw>
<kw name="Input Text" library="SeleniumLibrary">
<arg>id:reportDescription</arg>
<arg>This is edited label under test</arg>
<doc>Types the given ``text`` into the text field identified by ``locator``.</doc>
<status status="NOT RUN" starttime="20221129 12:23:24.702" endtime="20221129 12:23:24.702"/>
</kw>
<kw name="Click Element" library="SeleniumLibrary">
<arg>${LabelEdit_SaveBtn_Xpath}</arg>
<doc>Click the element identified by ``locator``.</doc>
<status status="NOT RUN" starttime="20221129 12:23:24.702" endtime="20221129 12:23:24.702"/>
</kw>
<kw name="Wait Until Page Contains" library="SeleniumLibrary">
<arg>Updated Successfully.</arg>
<doc>Waits until ``text`` appears on the current page.</doc>
<status status="NOT RUN" starttime="20221129 12:23:24.702" endtime="20221129 12:23:24.702"/>
</kw>
<kw name="Close Browser Window" library="Resource_setupnteardown" type="TEARDOWN">
<kw name="Close Browser" library="SeleniumLibrary">
<doc>Closes the current browser.</doc>
<msg timestamp="20221129 12:23:26.767" level="ERROR">When closing browser, received exception: Execution terminated by signal</msg>
<msg timestamp="20221129 12:23:26.767" level="INFO">Cannot capture screenshot because no browser is open.</msg>
<status status="FAIL" starttime="20221129 12:23:24.708" endtime="20221129 12:23:26.767"/>
</kw>
<kw name="Log To Console" library="BuiltIn">
<arg>Test Completed</arg>
<doc>Logs the given message to the console.</doc>
<status status="NOT RUN" starttime="20221129 12:23:26.767" endtime="20221129 12:23:26.767"/>
</kw>
<status status="FAIL" starttime="20221129 12:23:24.708" endtime="20221129 12:23:26.767">Execution terminated by signal</status>
</kw>
<status status="FAIL" starttime="20221129 12:23:20.627" endtime="20221129 12:23:26.767">NoSuchWindowException: Message: no such window: target window already closed
from unknown error: web view not found
  (Session info: chrome=107.0.5304.121)
Stacktrace:
Backtrace:
	Ordinal0 [0x00D9ACD3+2075859]
	Ordinal0 [0x00D2EE61+1633889]
	Ordinal0 [0x00C2B7BD+571325]
	Ordinal0 [0x00C12E1A+470554]
	Ordinal0 [0x00C7AA0B+895499]
	Ordinal0 [0x00C8AC96+961686]
	Ordinal0 [0x00C77136+880950]
	Ordinal0 [0x00C4FEFD+720637]
	Ordinal0 [0x00C50F3F+724799]
	GetHandleVerifier [0x0104EED2+2769538]
	GetHandleVerifier [0x01040D95+2711877]
	GetHandleVerifier [0x00E2A03A+521194]
	GetHandleVerifier [0x00E28DA0+516432]
	Ordinal0 [0x00D3682C+1665068]
	Ordinal0 [0x00D3B128+1683752]
	Ordinal0 [0x00D3B215+1683989]
	Ordinal0 [0x00D46484+1729668]
	BaseThreadInitThunk [0x76686939+25]
	RtlGetFullPathName_UEx [0x773B8FD2+1218]
	RtlGetFullPathName_UEx [0x773B8F9D+1165]


Also teardown failed:
Execution terminated by signal</status>
</test>
<test id="s1-t4" name="CopyLabel" line="68">
<tag>robot:exit</tag>
<status status="FAIL" starttime="20221129 12:23:26.771" endtime="20221129 12:23:26.771">Test execution stopped due to a fatal error.</status>
</test>
<test id="s1-t5" name="DeleteLabel" line="85">
<tag>robot:exit</tag>
<status status="FAIL" starttime="20221129 12:23:26.771" endtime="20221129 12:23:26.771">Test execution stopped due to a fatal error.</status>
</test>
<status status="FAIL" starttime="20221129 12:23:04.162" endtime="20221129 12:23:26.771"/>
</suite>
<statistics>
<total>
<stat pass="2" fail="3" skip="0">All Tests</stat>
</total>
<tag>
<stat pass="2" fail="1" skip="0" info="combined" combined="NOT robot:exit">NOT robot:exit</stat>
</tag>
<suite>
<stat pass="2" fail="3" skip="0" id="s1" name="test18 LabelPage">test18 LabelPage</stat>
</suite>
</statistics>
<errors>
<msg timestamp="20221129 12:23:24.680" level="WARN">Keyword 'Capture Page Screenshot' could not be run on failure: Message: no such window: target window already closed
from unknown error: web view not found
  (Session info: chrome=107.0.5304.121)
Stacktrace:
Backtrace:
	Ordinal0 [0x00D9ACD3+2075859]
	Ordinal0 [0x00D2EE61+1633889]
	Ordinal0 [0x00C2B7BD+571325]
	Ordinal0 [0x00C12E1A+470554]
	Ordinal0 [0x00C7AA0B+895499]
	Ordinal0 [0x00C8AC96+961686]
	Ordinal0 [0x00C77136+880950]
	Ordinal0 [0x00C4FEFD+720637]
	Ordinal0 [0x00C50F3F+724799]
	GetHandleVerifier [0x0104EED2+2769538]
	GetHandleVerifier [0x01040D95+2711877]
	GetHandleVerifier [0x00E2A03A+521194]
	GetHandleVerifier [0x00E28DA0+516432]
	Ordinal0 [0x00D3682C+1665068]
	Ordinal0 [0x00D3B128+1683752]
	Ordinal0 [0x00D3B215+1683989]
	Ordinal0 [0x00D46484+1729668]
	BaseThreadInitThunk [0x76686939+25]
	RtlGetFullPathName_UEx [0x773B8FD2+1218]
	RtlGetFullPathName_UEx [0x773B8F9D+1165]
</msg>
<msg timestamp="20221129 12:23:26.767" level="ERROR">When closing browser, received exception: Execution terminated by signal</msg>
</errors>
</robot>
